TN:
SF:src/presentation/components/board/index.tsx
FN:14,(anonymous_0)
FN:17,(anonymous_1)
FNF:2
FNH:2
FNDA:2,(anonymous_0)
FNDA:6,(anonymous_1)
DA:14,2
DA:15,2
DA:18,6
LF:3
LH:3
BRF:0
BRH:0
end_of_record
TN:
SF:src/presentation/components/box/index.tsx
FN:9,(anonymous_0)
FNF:1
FNH:1
FNDA:18,(anonymous_0)
DA:9,9
DA:10,18
DA:11,18
DA:13,5
DA:14,5
DA:16,6
DA:17,6
DA:19,5
DA:20,5
DA:22,2
DA:23,2
DA:25,18
LF:12
LH:12
BRDA:11,0,0,5
BRDA:11,0,1,6
BRDA:11,0,2,5
BRDA:11,0,3,2
BRF:4
BRH:4
end_of_record
TN:
SF:src/presentation/components/card/index.tsx
FN:23,(anonymous_0)
FN:33,(anonymous_1)
FN:49,(anonymous_2)
FNF:3
FNH:3
FNDA:2,(anonymous_0)
FNDA:4,(anonymous_1)
FNDA:6,(anonymous_2)
DA:23,2
DA:24,2
DA:34,4
DA:50,6
LF:4
LH:4
BRF:0
BRH:0
end_of_record
TN:
SF:src/presentation/components/chapter/index.tsx
FN:11,(anonymous_0)
FNF:1
FNH:1
FNDA:5,(anonymous_0)
DA:11,3
DA:12,5
LF:2
LH:2
BRDA:20,0,0,5
BRDA:20,0,1,3
BRF:2
BRH:2
end_of_record
TN:
SF:src/presentation/components/skill-level/index.tsx
FN:6,(anonymous_0)
FN:10,(anonymous_1)
FN:24,(anonymous_2)
FNF:3
FNH:3
FNDA:30,(anonymous_0)
FNDA:10,(anonymous_1)
FNDA:8,(anonymous_2)
DA:4,4
DA:6,4
DA:7,30
DA:10,4
DA:11,10
DA:24,4
DA:25,8
DA:27,8
DA:28,40
DA:29,30
DA:31,10
DA:35,8
LF:12
LH:12
BRDA:28,0,0,30
BRDA:28,0,1,10
BRF:2
BRH:2
end_of_record
TN:
SF:src/presentation/components/tag/index.tsx
FN:8,(anonymous_0)
FNF:1
FNH:1
FNDA:8,(anonymous_0)
DA:8,4
DA:9,8
LF:2
LH:2
BRF:0
BRH:0
end_of_record
